Sencha Cmd 7.3.0.19 - Crash report
================================================
An error occurred while executing the following command: framework add -k ext653 -so C:\Java\wildfly-10.0.0.Final\welcome-content\javascript\ext-6.5.0

Diagnostic information:
=======================
Error while loading build environment: Cannot find file : C:\Projetos\ui-maestro\workspace.json

java.lang.NullPointerException
     at com.sencha.command.Sencha.logCrashToFile(Sencha.java:635)
     at com.sencha.command.Sencha.main(Sencha.java:176)
     at sun.reflect.NativeMethodAccessorImpl.invoke0(Native Method)
     at sun.reflect.NativeMethodAccessorImpl.invoke(NativeMethodAccessorImpl.java:62)
     at sun.reflect.DelegatingMethodAccessorImpl.invoke(DelegatingMethodAccessorImpl.java:43)
     at java.lang.reflect.Method.invoke(Method.java:498)
     at com.exe4j.runtime.LauncherEngine.launch(LauncherEngine.java:84)
     at com.exe4j.runtime.WinLauncher.main(WinLauncher.java:94)
     at com.install4j.runtime.launcher.WinLauncher.main(WinLauncher.java:25)


Exception information:
=======================
Cannot find file : C:\Projetos\ui-maestro\workspace.json
     at com.sencha.util.FileUtil.readFileData(FileUtil.java:175)
     at com.sencha.util.FileUtil.readFile(FileUtil.java:133)
     at com.sencha.util.FileUtil.readFile(FileUtil.java:150)
     at com.sencha.util.JsonUtil.loadJson(JsonUtil.java:181)
     at com.sencha.util.JsonUtil.loadJson(JsonUtil.java:177)
     at com.sencha.util.JsonUtil.loadJsonMap(JsonUtil.java:204)
     at com.sencha.command.environment.BuildEnvironment.getRawJsonConfig(BuildEnvironment.java:682)
     at com.sencha.command.environment.BuildEnvironment.loadJsonConfig(BuildEnvironment.java:640)
     at com.sencha.command.environment.BuildEnvironment.loadJsonConfig(BuildEnvironment.java:656)
     at com.sencha.command.environment.WorkspaceEnvironment.<init>(WorkspaceEnvironment.java:46)
     at com.sencha.command.environment.WorkspaceEnvironment.scan(WorkspaceEnvironment.java:33)
     at com.sencha.command.environment.AppOrPackageEnvironment.<init>(AppOrPackageEnvironment.java:55)
     at com.sencha.command.environment.AppEnvironment.<init>(AppEnvironment.java:42)
     at com.sencha.command.environment.BuildEnvironment.load(BuildEnvironment.java:110)
     at com.sencha.command.environment.BuildEnvironment.load(BuildEnvironment.java:134)
     at com.sencha.command.environment.BuildEnvironment.load(BuildEnvironment.java:80)
     at com.sencha.command.Sencha.loadBuildEnvironment(Sencha.java:495)
     at com.sencha.command.Sencha.main(Sencha.java:134)
     at sun.reflect.NativeMethodAccessorImpl.invoke0(Native Method)
     at sun.reflect.NativeMethodAccessorImpl.invoke(NativeMethodAccessorImpl.java:62)
     at sun.reflect.DelegatingMethodAccessorImpl.invoke(DelegatingMethodAccessorImpl.java:43)
     at java.lang.reflect.Method.invoke(Method.java:498)
     at com.exe4j.runtime.LauncherEngine.launch(LauncherEngine.java:84)
     at com.exe4j.runtime.WinLauncher.main(WinLauncher.java:94)
     at com.install4j.runtime.launcher.WinLauncher.main(WinLauncher.java:25)
   Caused by: C:\Projetos\ui-maestro\workspace.json (Acesso negado)
     at java.io.FileInputStream.open0(Native Method)
     at java.io.FileInputStream.open(FileInputStream.java:195)
     at java.io.FileInputStream.<init>(FileInputStream.java:138)
     at com.sencha.util.FileUtil.readFileData(FileUtil.java:164)
     at com.sencha.util.FileUtil.readFile(FileUtil.java:133)
     at com.sencha.util.FileUtil.readFile(FileUtil.java:150)
     at com.sencha.util.JsonUtil.loadJson(JsonUtil.java:181)
     at com.sencha.util.JsonUtil.loadJson(JsonUtil.java:177)
     at com.sencha.util.JsonUtil.loadJsonMap(JsonUtil.java:204)
     at com.sencha.command.environment.BuildEnvironment.getRawJsonConfig(BuildEnvironment.java:682)
     at com.sencha.command.environment.BuildEnvironment.loadJsonConfig(BuildEnvironment.java:640)
     at com.sencha.command.environment.BuildEnvironment.loadJsonConfig(BuildEnvironment.java:656)
     at com.sencha.command.environment.WorkspaceEnvironment.<init>(WorkspaceEnvironment.java:46)
     at com.sencha.command.environment.WorkspaceEnvironment.scan(WorkspaceEnvironment.java:33)
     at com.sencha.command.environment.AppOrPackageEnvironment.<init>(AppOrPackageEnvironment.java:55)
     at com.sencha.command.environment.AppEnvironment.<init>(AppEnvironment.java:42)
     at com.sencha.command.environment.BuildEnvironment.load(BuildEnvironment.java:110)
     at com.sencha.command.environment.BuildEnvironment.load(BuildEnvironment.java:134)
     at com.sencha.command.environment.BuildEnvironment.load(BuildEnvironment.java:80)
     at com.sencha.command.Sencha.loadBuildEnvironment(Sencha.java:495)
     at com.sencha.command.Sencha.main(Sencha.java:134)
     at sun.reflect.NativeMethodAccessorImpl.invoke0(Native Method)
     at sun.reflect.NativeMethodAccessorImpl.invoke(NativeMethodAccessorImpl.java:62)
     at sun.reflect.DelegatingMethodAccessorImpl.invoke(DelegatingMethodAccessorImpl.java:43)
     at java.lang.reflect.Method.invoke(Method.java:498)
     at com.exe4j.runtime.LauncherEngine.launch(LauncherEngine.java:84)
     at com.exe4j.runtime.WinLauncher.main(WinLauncher.java:94)
     at com.install4j.runtime.launcher.WinLauncher.main(WinLauncher.java:25)

